2020-03-10 08:43:57,259 INFO     regression_nvme.py:32: - ======================= NVMe Regression Header =======================
2020-03-10 08:43:57,267 INFO     regression_nvme.py:34: - Detected Device Count=1 
2020-03-10 08:43:57,712 INFO     regression_nvme.py:39: - Test NVMe Device[0] : 
2020-03-10 08:43:57,712 INFO     regression_nvme.py:41: - PCI BDF=(1, 0, 0), Parent Bridge BDF=(0, 1, 0)
2020-03-10 08:43:57,973 INFO     regression_nvme.py:42: - Link Status   =Gen3x4
2020-03-10 08:43:58,006 INFO     regression_nvme.py:43: - VID/ DID      =0x144d/ 0xa804
2020-03-10 08:43:58,006 INFO     regression_nvme.py:44: - FR            =3B7QCXE7
2020-03-10 08:43:58,006 INFO     regression_nvme.py:45: - MN            =Samsung SSD 960 EVO 250GB               
2020-03-10 08:43:58,007 INFO     regression_nvme.py:46: - LBA Size      =0x200 (512 Byte)
2020-03-10 08:43:58,007 INFO     regression_nvme.py:47: - Max LBA       =0x1d1c5970 (232.00 GBytes)
2020-03-10 09:20:24,804 INFO     regression_nvme_waive_skip.py:40: - ======================= NCC Regression Report ========================
2020-03-10 09:20:24,804 INFO     regression_nvme_waive_skip.py:41: -     Regression :: ncc_regressionKK.py
2020-03-10 09:20:24,804 INFO     regression_nvme_waive_skip.py:42: -      Host Name :: localhost.localdomain
2020-03-10 09:20:24,806 INFO     regression_nvme_waive_skip.py:43: -       Platform :: Linux-4.18.0-80.11.2.el8_0.x86_64-x86_64-with-centos-8.0.1905-Core
2020-03-10 09:20:24,807 INFO     regression_nvme_waive_skip.py:44: -  Total Scripts :: 47 (exclude SKIP)
2020-03-10 09:20:24,807 INFO     regression_nvme_waive_skip.py:45: -   Pass Scripts :: 32 (68.09%)
2020-03-10 09:20:24,807 INFO     regression_nvme_waive_skip.py:46: -   Fail Scripts :: 15 (31.91%)
2020-03-10 09:20:24,807 INFO     regression_nvme_waive_skip.py:47: -   Skip Scripts :: 30
2020-03-10 09:20:24,807 INFO     regression_nvme_waive_skip.py:48: -    Total TT(s) :: 2182.72
2020-03-10 09:20:24,807 INFO     regression_nvme_waive_skip.py:49: -    Total TT(h) :: 0.61
2020-03-10 09:20:24,807 INFO     regression_nvme_waive_skip.py:50: - =============================== DETIAL ===============================
2020-03-10 09:20:24,807 INFO     regression_nvme_waive_skip.py:63: - localhost.localdomain :: 01. admin_001_abort_test.py                        : PASS (15.15 Sec)
2020-03-10 09:20:24,807 INFO     regression_nvme_waive_skip.py:63: - localhost.localdomain :: 02. ioq_000_delete_iosq_test.py                    : PASS (1.21 Sec)
2020-03-10 09:20:24,807 INFO     regression_nvme_waive_skip.py:63: - localhost.localdomain :: 03. ioq_001_delete_iocq_test.py                    : PASS (1.42 Sec)
2020-03-10 09:20:24,807 INFO     regression_nvme_waive_skip.py:63: - localhost.localdomain :: 04. ioq_002_create_iocq_test.py                    : FAIL (1.56 Sec)
2020-03-10 09:20:24,807 INFO     regression_nvme_waive_skip.py:63: - localhost.localdomain :: 05. ioq_003_create_iocq_all_config.py              : PASS (77.95 Sec)
2020-03-10 09:20:24,807 INFO     regression_nvme_waive_skip.py:63: - localhost.localdomain :: 06. ioq_004_create_iosq_test.py                    : FAIL (1.27 Sec)
2020-03-10 09:20:24,807 INFO     regression_nvme_waive_skip.py:63: - localhost.localdomain :: 07. ioq_005_create_iosq_all_config.py              : PASS (1099.16 Sec)
2020-03-10 09:20:24,807 INFO     regression_nvme_waive_skip.py:63: - localhost.localdomain :: 08. ident_000_cns_test.py                          : PASS (4.01 Sec)
2020-03-10 09:20:24,807 INFO     regression_nvme_waive_skip.py:63: - localhost.localdomain :: 09. ident_001_namespace_test.py                    : PASS (14.78 Sec)
2020-03-10 09:20:24,807 INFO     regression_nvme_waive_skip.py:63: - localhost.localdomain :: 10. ident_002_controller_test.py                   : FAIL (1.79 Sec)
2020-03-10 09:20:24,808 INFO     regression_nvme_waive_skip.py:63: - localhost.localdomain :: 11. ident_003_active_ns_list_test.py               : SKIP (0.35 Sec)
2020-03-10 09:20:24,808 INFO     regression_nvme_waive_skip.py:63: - localhost.localdomain :: 12. ident_004_nsid_descriptor_test.py              : SKIP (0.53 Sec)
2020-03-10 09:20:24,808 INFO     regression_nvme_waive_skip.py:63: - localhost.localdomain :: 13. ident_005_allocated_ns_list_test.py            : SKIP (0.56 Sec)
2020-03-10 09:20:24,808 INFO     regression_nvme_waive_skip.py:63: - localhost.localdomain :: 14. ident_006_allocated_namespace_test.py          : SKIP (0.58 Sec)
2020-03-10 09:20:24,808 INFO     regression_nvme_waive_skip.py:63: - localhost.localdomain :: 15. ident_007_attached_ctrl_list_test.py           : SKIP (0.56 Sec)
2020-03-10 09:20:24,808 INFO     regression_nvme_waive_skip.py:63: - localhost.localdomain :: 16. ident_008_subsystem_ctrl_list_test.py          : SKIP (0.56 Sec)
2020-03-10 09:20:24,808 INFO     regression_nvme_waive_skip.py:63: - localhost.localdomain :: 17. ident_009_primary_ctrl_capabilities_test.py    : SKIP (0.58 Sec)
2020-03-10 09:20:24,808 INFO     regression_nvme_waive_skip.py:63: - localhost.localdomain :: 18. glp_000_lid_test.py                            : PASS (3.39 Sec)
2020-03-10 09:20:24,808 INFO     regression_nvme_waive_skip.py:63: - localhost.localdomain :: 19. glp_001_error_test.py                          : FAIL (2.01 Sec)
2020-03-10 09:20:24,808 INFO     regression_nvme_waive_skip.py:63: - localhost.localdomain :: 20. glp_002_smart_test.py                          : PASS (14.73 Sec)
2020-03-10 09:20:24,808 INFO     regression_nvme_waive_skip.py:63: - localhost.localdomain :: 21. glp_003_fw_slot_test.py                        : PASS (0.40 Sec)
2020-03-10 09:20:24,808 INFO     regression_nvme_waive_skip.py:63: - localhost.localdomain :: 22. glp_004_changed_namespace_list.py              : SKIP (0.37 Sec)
2020-03-10 09:20:24,808 INFO     regression_nvme_waive_skip.py:63: - localhost.localdomain :: 23. glp_005_command_effect.py                      : PASS (0.43 Sec)
2020-03-10 09:20:24,808 INFO     regression_nvme_waive_skip.py:63: - localhost.localdomain :: 24. glp_006_dst_test.py                            : SKIP (0.57 Sec)
2020-03-10 09:20:24,808 INFO     regression_nvme_waive_skip.py:63: - localhost.localdomain :: 25. glp_010_sanitize_status.py                     : SKIP (0.57 Sec)
2020-03-10 09:20:24,808 INFO     regression_nvme_waive_skip.py:63: - localhost.localdomain :: 26. glp_011_numd_test.py                           : PASS (26.69 Sec)
2020-03-10 09:20:24,808 INFO     regression_nvme_waive_skip.py:63: - localhost.localdomain :: 27. fmt_000_conformance_test.py                    : FAIL (110.20 Sec)
2020-03-10 09:20:24,808 INFO     regression_nvme_waive_skip.py:63: - localhost.localdomain :: 28. apst_000_general_test.py                       : PASS (18.32 Sec)
2020-03-10 09:20:24,808 INFO     regression_nvme_waive_skip.py:63: - localhost.localdomain :: 29. apst_001_complicated_power_plan_test.py        : PASS (18.94 Sec)
2020-03-10 09:20:24,809 INFO     regression_nvme_waive_skip.py:63: - localhost.localdomain :: 30. dst_000_general_device_self_test.py            : SKIP (0.42 Sec)
2020-03-10 09:20:24,809 INFO     regression_nvme_waive_skip.py:63: - localhost.localdomain :: 31. dst_001_abort_by_ctrl_reset.py                 : SKIP (0.52 Sec)
2020-03-10 09:20:24,809 INFO     regression_nvme_waive_skip.py:63: - localhost.localdomain :: 32. dst_002_abort_by_format_nvm.py                 : SKIP (0.52 Sec)
2020-03-10 09:20:24,809 INFO     regression_nvme_waive_skip.py:63: - localhost.localdomain :: 33. fwup_000_download_test.py                      : PASS (4.08 Sec)
2020-03-10 09:20:24,809 INFO     regression_nvme_waive_skip.py:63: - localhost.localdomain :: 34. fwup_001_commit_test.py                        : FAIL (62.46 Sec)
2020-03-10 09:20:24,809 INFO     regression_nvme_waive_skip.py:63: - localhost.localdomain :: 35. fwup_002_invalid_ca_commit_test.py             : FAIL (6.89 Sec)
2020-03-10 09:20:24,809 INFO     regression_nvme_waive_skip.py:63: - localhost.localdomain :: 36. sanitize_000_crypto_erase_test.py              : SKIP (0.35 Sec)
2020-03-10 09:20:24,809 INFO     regression_nvme_waive_skip.py:63: - localhost.localdomain :: 37. sanitize_001_block_erase_test.py               : SKIP (0.50 Sec)
2020-03-10 09:20:24,809 INFO     regression_nvme_waive_skip.py:63: - localhost.localdomain :: 38. sanitize_002_admin_allowed_check.py            : SKIP (0.53 Sec)
2020-03-10 09:20:24,809 INFO     regression_nvme_waive_skip.py:63: - localhost.localdomain :: 39. sanitize_003_prior_to_pcie_flr.py              : SKIP (0.53 Sec)
2020-03-10 09:20:24,809 INFO     regression_nvme_waive_skip.py:63: - localhost.localdomain :: 40. sanitize_004_prior_to_pcie_hot_reset.py        : SKIP (0.53 Sec)
2020-03-10 09:20:24,809 INFO     regression_nvme_waive_skip.py:63: - localhost.localdomain :: 41. sec_000_protocol_list_test.py                  : PASS (0.65 Sec)
2020-03-10 09:20:24,809 INFO     regression_nvme_waive_skip.py:63: - localhost.localdomain :: 42. sec_001_tcg_level0_discovery.py                : PASS (0.66 Sec)
2020-03-10 09:20:24,809 INFO     regression_nvme_waive_skip.py:63: - localhost.localdomain :: 43. sec_002_invalid_pid_test.py                    : PASS (10.71 Sec)
2020-03-10 09:20:24,809 INFO     regression_nvme_waive_skip.py:63: - localhost.localdomain :: 44. timestamp_001_set_feature_test.py              : SKIP (0.35 Sec)
2020-03-10 09:20:24,809 INFO     regression_nvme_waive_skip.py:63: - localhost.localdomain :: 45. io_000_flush_test.py                           : PASS (14.01 Sec)
2020-03-10 09:20:24,809 INFO     regression_nvme_waive_skip.py:63: - localhost.localdomain :: 46. io_001_write_test.py                           : FAIL (7.01 Sec)
2020-03-10 09:20:24,809 INFO     regression_nvme_waive_skip.py:63: - localhost.localdomain :: 47. io_002_read_test.py                            : FAIL (2.74 Sec)
2020-03-10 09:20:24,809 INFO     regression_nvme_waive_skip.py:63: - localhost.localdomain :: 48. io_003_write_uncorrectable_test.py             : PASS (148.23 Sec)
2020-03-10 09:20:24,809 INFO     regression_nvme_waive_skip.py:63: - localhost.localdomain :: 49. io_004_compare_test.py                         : FAIL (16.40 Sec)
2020-03-10 09:20:24,809 INFO     regression_nvme_waive_skip.py:63: - localhost.localdomain :: 50. io_005_write_zeroes_test.py                    : PASS (137.59 Sec)
2020-03-10 09:20:24,809 INFO     regression_nvme_waive_skip.py:63: - localhost.localdomain :: 51. io_006_dataset_management_test.py              : FAIL (24.11 Sec)
2020-03-10 09:20:24,810 INFO     regression_nvme_waive_skip.py:63: - localhost.localdomain :: 52. io_007_early_successful_trim_test.py           : FAIL (91.31 Sec)
2020-03-10 09:20:24,810 INFO     regression_nvme_waive_skip.py:63: - localhost.localdomain :: 53. smart_000_rw_attribute_test.py                 : PASS (2.16 Sec)
2020-03-10 09:20:24,810 INFO     regression_nvme_waive_skip.py:63: - localhost.localdomain :: 54. smart_002_temperature_attribute_test.py        : PASS (65.19 Sec)
2020-03-10 09:20:24,810 INFO     regression_nvme_waive_skip.py:63: - localhost.localdomain :: 55. smart_004_thermal_management_attribute_test.py : SKIP (0.41 Sec)
2020-03-10 09:20:24,810 INFO     regression_nvme_waive_skip.py:63: - localhost.localdomain :: 56. feat_000_get_fid_test.py                       : PASS (8.13 Sec)
2020-03-10 09:20:24,810 INFO     regression_nvme_waive_skip.py:63: - localhost.localdomain :: 57. feat_002_arbitration_test.py                   : PASS (22.75 Sec)
2020-03-10 09:20:24,810 INFO     regression_nvme_waive_skip.py:63: - localhost.localdomain :: 58. feat_003_power_management.py                   : PASS (1.07 Sec)
2020-03-10 09:20:24,810 INFO     regression_nvme_waive_skip.py:63: - localhost.localdomain :: 59. feat_004_lba_range_type.py                     : FAIL (0.45 Sec)
2020-03-10 09:20:24,810 INFO     regression_nvme_waive_skip.py:63: - localhost.localdomain :: 60. feat_005_temperature_threshold.py              : PASS (8.62 Sec)
2020-03-10 09:20:24,810 INFO     regression_nvme_waive_skip.py:63: - localhost.localdomain :: 61. feat_006_error_recover.py                      : PASS (21.85 Sec)
2020-03-10 09:20:24,810 INFO     regression_nvme_waive_skip.py:63: - localhost.localdomain :: 62. feat_007_volatile_write_cache.py               : PASS (0.76 Sec)
2020-03-10 09:20:24,810 INFO     regression_nvme_waive_skip.py:63: - localhost.localdomain :: 63. feat_008_number_of_queue.py                    : PASS (11.50 Sec)
2020-03-10 09:20:24,810 INFO     regression_nvme_waive_skip.py:63: - localhost.localdomain :: 64. feat_009_interrupt_coalescing.py               : PASS (22.05 Sec)
2020-03-10 09:20:24,810 INFO     regression_nvme_waive_skip.py:63: - localhost.localdomain :: 65. feat_010_interrupt_vector_configuration.py     : FAIL (62.79 Sec)
2020-03-10 09:20:24,810 INFO     regression_nvme_waive_skip.py:63: - localhost.localdomain :: 66. feat_011_write_atomic_normal.py                : PASS (0.77 Sec)
2020-03-10 09:20:24,810 INFO     regression_nvme_waive_skip.py:63: - localhost.localdomain :: 67. feat_012_aer_configuration.py                  : FAIL (1.08 Sec)
2020-03-10 09:20:24,810 INFO     regression_nvme_waive_skip.py:63: - localhost.localdomain :: 68. feat_013_keep_alive_timer.py                   : SKIP (0.41 Sec)
2020-03-10 09:20:24,810 INFO     regression_nvme_waive_skip.py:63: - localhost.localdomain :: 69. feat_014_host_ctrl_thermal_mgmt.py             : SKIP (0.41 Sec)
2020-03-10 09:20:24,810 INFO     regression_nvme_waive_skip.py:63: - localhost.localdomain :: 70. feat_015_nops_config.py                        : SKIP (0.41 Sec)
2020-03-10 09:20:24,810 INFO     regression_nvme_waive_skip.py:63: - localhost.localdomain :: 71. feat_016_software_progress_marker.py           : SKIP (0.09 Sec)
2020-03-10 09:20:24,810 INFO     regression_nvme_waive_skip.py:63: - localhost.localdomain :: 72. ns_mgmt_basic_test000.py                       : SKIP (0.35 Sec)
2020-03-10 09:20:24,810 INFO     regression_nvme_waive_skip.py:63: - localhost.localdomain :: 73. ns_mgmt_mixed_test000.py                       : SKIP (0.36 Sec)
2020-03-10 09:20:24,811 INFO     regression_nvme_waive_skip.py:63: - localhost.localdomain :: 74. ns_mgmt_mixed_test001.py                       : SKIP (0.35 Sec)
2020-03-10 09:20:24,811 INFO     regression_nvme_waive_skip.py:63: - localhost.localdomain :: 75. ns_mgmt_mixed_test002.py                       : SKIP (0.35 Sec)
2020-03-10 09:20:24,811 INFO     regression_nvme_waive_skip.py:63: - localhost.localdomain :: 76. ns_mgmt_invalid_test000.py                     : SKIP (0.35 Sec)
2020-03-10 09:20:24,811 INFO     regression_nvme_waive_skip.py:63: - localhost.localdomain :: 77. ns_mgmt_invalid_test001.py                     : SKIP (0.35 Sec)
